<?xml version="1.0" encoding="UTF-8"?>
<testng-results ignored="0" total="1" passed="1" failed="0" skipped="0">
  <reporter-output>
  </reporter-output>
  <suite started-at="2025-07-15T15:37:29 AST" name="Default suite" finished-at="2025-07-15T15:37:43 AST" duration-ms="14066">
    <groups>
    </groups>
    <test started-at="2025-07-15T15:37:29 AST" name="Default test" finished-at="2025-07-15T15:37:43 AST" duration-ms="14066">
      <class name="TestBank.TestBank.AppTest">
        <test-method is-config="true" signature="mySetUp()[pri:0, instance:TestBank.TestBank.AppTest@1d2bd371]" started-at="2025-07-15T15:37:29 AST" name="mySetUp" finished-at="2025-07-15T15:37:32 AST" duration-ms="3071" status="PASS">
          <reporter-output>
          </reporter-output>
        </test-method> <!-- mySetUp -->
        <test-method signature="addCustomer()[pri:1, instance:TestBank.TestBank.AppTest@1d2bd371]" started-at="2025-07-15T15:37:32 AST" name="addCustomer" finished-at="2025-07-15T15:37:43 AST" duration-ms="10871" status="PASS">
          <reporter-output>
          </reporter-output>
        </test-method> <!-- addCustomer -->
        <test-method is-config="true" signature="afterTest()[pri:0, instance:TestBank.TestBank.AppTest@1d2bd371]" started-at="2025-07-15T15:37:43 AST" name="afterTest" finished-at="2025-07-15T15:37:43 AST" duration-ms="2" status="PASS">
          <reporter-output>
          </reporter-output>
        </test-method> <!-- afterTest -->
      </class> <!-- TestBank.TestBank.AppTest -->
    </test> <!-- Default test -->
  </suite> <!-- Default suite -->
</testng-results>
